\BOOKMARK [1][-]{section.1}{\376\377\004\022\004\062\004\065\004\064\004\065\004\075\004\070\004\065}{}% 1
\BOOKMARK [2][-]{subsection.1.1}{\376\377\004\020\004\073\004\063\004\076\004\100\004\070\004\102\004\074}{section.1}% 2
\BOOKMARK [2][-]{subsection.1.2}{\376\377\004\020\004\101\004\070\004\074\004\077\004\102\004\076\004\102\004\070\004\072\004\070}{section.1}% 3
\BOOKMARK [2][-]{subsection.1.3}{\376\377\004\041\004\102\004\100\004\103\004\072\004\102\004\103\004\100\004\060\000\040\004\064\004\060\004\075\004\075\004\113\004\105\000,\000\040\004\060\004\061\004\101\004\102\004\100\004\060\004\072\004\102\004\075\004\113\004\071\000\040\004\102\004\070\004\077\000\040\004\064\004\060\004\075\004\075\004\113\004\105\000\040\000\050\004\070\004\075\004\102\004\065\004\100\004\104\004\065\004\071\004\101\000\051}{section.1}% 4
\BOOKMARK [2][-]{subsection.1.4}{\376\377\004\034\004\060\004\101\004\101\004\070\004\062}{section.1}% 5
\BOOKMARK [1][-]{section.2}{\376\377\004\021\004\060\004\067\004\076\004\062\004\113\004\065\000\040\004\101\004\102\004\100\004\103\004\072\004\102\004\103\004\100\004\113\000\040\004\064\004\060\004\075\004\075\004\113\004\105}{}% 6
\BOOKMARK [2][-]{subsection.2.1}{\376\377\004\024\004\070\004\075\004\060\004\074\004\070\004\107\004\065\004\101\004\072\004\070\004\071\000\040\004\074\004\060\004\101\004\101\004\070\004\062}{section.2}% 7
\BOOKMARK [2][-]{subsection.2.2}{\376\377\004\036\004\064\004\075\004\076\004\101\004\062\004\117\004\067\004\075\004\113\004\071\000\040\004\070\000\040\004\064\004\062\004\103\004\101\004\062\004\117\004\067\004\075\004\113\004\071\000\040\004\101\004\077\004\070\004\101\004\076\004\072}{section.2}% 8
\BOOKMARK [2][-]{subsection.2.3}{\376\377\004\041\004\102\004\065\004\072}{section.2}% 9
\BOOKMARK [2][-]{subsection.2.4}{\376\377\004\036\004\107\004\065\004\100\004\065\004\064\004\114}{section.2}% 10
\BOOKMARK [2][-]{subsection.2.5}{\376\377\004\024\004\065\004\072}{section.2}% 11
\BOOKMARK [2][-]{subsection.2.6}{\376\377\004\024\004\062\004\076\004\070\004\107\004\075\004\060\004\117\000\040\004\072\004\103\004\107\004\060\000.\000\040\004\020\004\042\004\024\000\040\004\036\004\107\004\065\004\100\004\065\004\064\004\114\000\040\004\101\000\040\004\077\004\100\004\070\004\076\004\100\004\070\004\102\004\065\004\102\004\076\004\074}{section.2}% 12
\BOOKMARK [2][-]{subsection.2.7}{\376\377\004\020\004\074\004\076\004\100\004\102\004\070\004\067\004\060\004\106\004\070\004\076\004\075\004\075\004\113\004\071\000\040\004\060\004\075\004\060\004\073\004\070\004\067}{section.2}% 13
\BOOKMARK [2][-]{subsection.2.8}{\376\377\004\037\004\065\004\100\004\101\004\070\004\101\004\102\004\065\004\075\004\102\004\075\004\113\004\071\000\040\004\101\004\102\004\065\004\072}{section.2}% 14
\BOOKMARK [1][-]{section.3}{\376\377\004\041\004\076\004\100\004\102\004\070\004\100\004\076\004\062\004\072\004\070\000\040\004\070\000\040\004\077\004\076\004\100\004\117\004\064\004\072\004\076\004\062\004\113\004\065\000\040\004\101\004\102\004\060\004\102\004\070\004\101\004\102\004\070\004\072\004\070}{}% 15
\BOOKMARK [2][-]{subsection.3.1}{\376\377\004\027\004\060\004\064\004\060\004\107\004\060\000\040\004\101\004\076\004\100\004\102\004\070\004\100\004\076\004\062\004\072\004\070\000,\000\040\004\103\004\101\004\102\004\076\004\071\004\107\004\070\004\062\004\076\004\101\004\102\004\114\000,\000\040\004\073\004\076\004\072\004\060\004\073\004\114\004\075\004\076\004\101\004\102\004\114}{section.3}% 16
\BOOKMARK [2][-]{subsection.3.2}{\376\377\004\032\004\062\004\060\004\064\004\100\004\060\004\102\004\070\004\107\004\075\004\113\004\065\000\040\004\101\004\076\004\100\004\102\004\070\004\100\004\076\004\062\004\072\004\070}{section.3}% 17
\BOOKMARK [2][-]{subsection.3.3}{\376\377\004\041\004\076\004\100\004\102\004\070\004\100\004\076\004\062\004\072\004\060\000\040\004\101\004\073\004\070\004\117\004\075\004\070\004\065\004\074}{section.3}% 18
\BOOKMARK [2][-]{subsection.3.4}{\376\377\004\041\004\076\004\100\004\102\004\070\004\100\004\076\004\062\004\072\004\060\000\040\004\101\000\040\004\077\004\076\004\074\004\076\004\111\004\114\004\116\000\040\004\072\004\103\004\107\004\070}{section.3}% 19
\BOOKMARK [2][-]{subsection.3.5}{\376\377\004\041\004\073\004\070\004\117\004\075\004\070\004\065\000\040\004\076\004\102\004\101\004\076\004\100\004\102\004\070\004\100\004\076\004\062\004\060\004\075\004\075\004\113\004\105\000\040\004\074\004\060\004\101\004\101\004\070\004\062\004\076\004\062\000\040\004\101\000\040\004\077\004\076\004\074\004\076\004\111\004\114\004\116\000\040\004\072\004\103\004\107\004\070}{section.3}% 20
\BOOKMARK [2][-]{subsection.3.6}{\376\377\004\035\004\070\004\066\004\075\004\117\004\117\000\040\004\076\004\106\004\065\004\075\004\072\004\060\000\040\004\062\004\100\004\065\004\074\004\065\004\075\004\070\000\040\004\100\004\060\004\061\004\076\004\102\004\113\000\040\004\064\004\073\004\117\000\040\004\101\004\076\004\100\004\102\004\070\004\100\004\076\004\062\004\076\004\072\000\040\004\101\004\100\004\060\004\062\004\075\004\065\004\075\004\070\004\065\004\074}{section.3}% 21
\BOOKMARK [2][-]{subsection.3.7}{\376\377\004\021\004\113\004\101\004\102\004\100\004\060\004\117\000\040\004\101\004\076\004\100\004\102\004\070\004\100\004\076\004\062\004\072\004\060}{section.3}% 22
\BOOKMARK [2][-]{subsection.3.8}{\376\377\000k\000\040\004\077\004\076\004\100\004\117\004\064\004\072\004\076\004\062\004\060\004\117\000\040\004\101\004\102\004\060\004\102\004\070\004\101\004\102\004\070\004\072\004\060}{section.3}% 23
\BOOKMARK [2][-]{subsection.3.9}{\376\377\004\041\004\076\004\100\004\102\004\070\004\100\004\076\004\062\004\072\004\060\000\040\004\077\004\076\004\064\004\101\004\107\004\121\004\102\004\076\004\074}{section.3}% 24
\BOOKMARK [2][-]{subsection.3.10}{\376\377\004\021\004\073\004\076\004\107\004\075\004\060\004\117\000\040\004\101\004\076\004\100\004\102\004\070\004\100\004\076\004\062\004\072\004\060}{section.3}% 25
\BOOKMARK [2][-]{subsection.3.11}{\376\377\004\037\004\076\004\100\004\060\004\067\004\100\004\117\004\064\004\075\004\060\004\117\000\040\004\101\004\076\004\100\004\102\004\070\004\100\004\076\004\062\004\072\004\060}{section.3}% 26
\BOOKMARK [2][-]{subsection.3.12}{\376\377\004\021\004\070\004\075\004\060\004\100\004\075\004\060\004\117\000\040\004\061\004\113\004\101\004\102\004\100\004\060\004\117\000\040\004\101\004\076\004\100\004\102\004\070\004\100\004\076\004\062\004\072\004\060}{section.3}% 27
\BOOKMARK [2][-]{subsection.3.13}{\376\377\004\034\004\060\004\101\004\102\004\065\004\100\000-\004\102\004\065\004\076\004\100\004\065\004\074\004\060}{section.3}% 28
\BOOKMARK [1][-]{section.4}{\376\377\004\024\004\065\004\100\004\065\004\062\004\114\004\117}{}% 29
\BOOKMARK [2][-]{subsection.4.1}{\376\377\004\036\004\061\004\105\004\076\004\064\000\040\004\064\004\065\004\100\004\065\004\062\004\060}{section.4}% 30
\BOOKMARK [2][-]{subsection.4.2}{\376\377\004\024\004\062\004\076\004\070\004\107\004\075\004\076\004\065\000\040\004\064\004\065\004\100\004\065\004\062\004\076\000\040\004\077\004\076\004\070\004\101\004\072\004\060}{section.4}% 31
\BOOKMARK [2][-]{subsection.4.3}{\376\377\004\024\004\065\004\072\004\060\004\100\004\102\004\076\004\062\004\076\000\040\004\064\004\065\004\100\004\065\004\062\004\076}{section.4}% 32
\BOOKMARK [2][-]{subsection.4.4}{\376\377\004\020\004\022\004\033\000\040\000-\000\040\004\064\004\065\004\100\004\065\004\062\004\076}{section.4}% 33
\BOOKMARK [2][-]{subsection.4.5}{\376\377\004\032\004\100\004\060\004\101\004\075\004\076\000-\004\107\004\065\004\100\004\075\004\076\004\065\000\040\004\064\004\065\004\100\004\065\004\062\004\076}{section.4}% 34
